2019-11-25 02:54:44 +0000 [MT] Initial pipeline context: <IDEDistributionProcessingPipelineContext: 0x7faeab4ed5b0; archive(resolved)='<IDEArchive: 0x7faeab392480>', distributionTask(resolved)='2', distributionDestination(resolved)='1', distributionMethod(resolved)='<IDEDistributionMethodDevelopmentSigned: 0x7faea64cc4a0>', team(resolved)='<IDEProvisioningBasicTeam: 0x7faeab4e0b20; teamID='XNNJ64W9XB', teamName='Shunta Nakajima'>'>
	Chain (12, self inclusive):
	<IDEDistributionProcessingPipelineContext: 0x7faeab4ed5b0; archive = '<IDEArchive: 0x7faeab392480>', distributionMethod='<IDEDistributionMethodDevelopmentSigned: 0x7faea64cc4a0>', team='<IDEProvisioningBasicTeam: 0x7faeab4e0b20; teamID='XNNJ64W9XB', teamName='Shunta Nakajima'>'>
	<IDEDistributionProcessingPipelineContext: 0x7faeab4ebd20; archive = '<IDEArchive: 0x7faeab392480>', distributionMethod='<IDEDistributionMethodDevelopmentSigned: 0x7faea64cc4a0>', team='<IDEProvisioningBasicTeam: 0x7faeab4e0b20; teamID='XNNJ64W9XB', teamName='Shunta Nakajima'>'>
	<IDEDistributionContext: 0x7faeab4ebb00; archive = '<IDEArchive: 0x7faeab392480>', distributionMethod='<IDEDistributionMethodDevelopmentSigned: 0x7faea64cc4a0>', team='<IDEProvisioningBasicTeam: 0x7faeab4e0b20; teamID='XNNJ64W9XB', teamName='Shunta Nakajima'>'>
	<IDEDistributionContext: 0x7faeab3eadc0; archive = '<IDEArchive: 0x7faeab392480>', distributionMethod='<IDEDistributionMethodDevelopmentSigned: 0x7faea64cc4a0>', team='<IDEProvisioningBasicTeam: 0x7faeab4e0b20; teamID='XNNJ64W9XB', teamName='Shunta Nakajima'>'>
	<IDEDistributionContext: 0x7faeab4e6aa0; archive = '<IDEArchive: 0x7faeab392480>', distributionMethod='<IDEDistributionMethodDevelopmentSigned: 0x7faea64cc4a0>', team='<IDEProvisioningBasicTeam: 0x7faeab4e0b20; teamID='XNNJ64W9XB', teamName='Shunta Nakajima'>'>
	<IDEDistributionContext: 0x7faeab3e9390; archive = '<IDEArchive: 0x7faeab392480>', distributionMethod='<IDEDistributionMethodDevelopmentSigned: 0x7faea64cc4a0>', team='<IDEProvisioningBasicTeam: 0x7faeab4e0b20; teamID='XNNJ64W9XB', teamName='Shunta Nakajima'>'>
	<IDEDistributionContext: 0x7faeab4d91f0; archive = '<IDEArchive: 0x7faeab392480>', distributionMethod='<IDEDistributionMethodDevelopmentSigned: 0x7faea64cc4a0>', team='<IDEProvisioningBasicTeam: 0x7faeab4e0b20; teamID='XNNJ64W9XB', teamName='Shunta Nakajima'>'>
	<IDEDistributionContext: 0x7faeab3e50b0; archive = '<IDEArchive: 0x7faeab392480>', distributionMethod='<IDEDistributionMethodDevelopmentSigned: 0x7faea64cc4a0>', team='<IDEProvisioningBasicTeam: 0x7faeab4e0b20; teamID='XNNJ64W9XB', teamName='Shunta Nakajima'>'>
	<IDEDistributionContext: 0x7faeab07efc0; archive = '<IDEArchive: 0x7faeab392480>', distributionMethod='<IDEDistributionMethodDevelopmentSigned: 0x7faea64cc4a0>', team='<IDEProvisioningBasicTeam: 0x7faeab4e0b20; teamID='XNNJ64W9XB', teamName='Shunta Nakajima'>'>
	<IDEDistributionContext: 0x7faeab130200; archive = '<IDEArchive: 0x7faeab392480>', distributionMethod='<IDEDistributionMethodDevelopmentSigned: 0x7faea64cc4a0>', team='(null)'>
	<IDEDistributionContext: 0x7faea8feb1a0; archive = '<IDEArchive: 0x7faeab392480>', distributionMethod='<IDEDistributionMethodDevelopmentSigned: 0x7faea64cc4a0>', team='(null)'>
	<IDEDistributionContext: 0x7faeab392f10; archive = '<IDEArchive: 0x7faeab392480>', distributionMethod='(null)', team='(null)'>
</IDEDistributionProcessingPipelineContext: 0x7faeab4ed5b0>
2019-11-25 02:54:44 +0000 [MT] Processing step: IDEDistributionCreateDestRootStep
2019-11-25 02:54:44 +0000 [MT] Processing step: IDEDistributionCopyItemStep
2019-11-25 02:54:44 +0000 [MT] Running /usr/bin/ditto '-V' '/Users/shuntanakajima/ShuntaNakajima/hacku/neo-panopticon/application/platforms/ios/neo-panopticon.xcarchive/Products/Applications/neo-panopticon.app' '/var/folders/l7/wnwrz3_x4nq10p21hg9zw_9c0000gn/T/XcodeDistPipeline.~~~T9sOAs/Root/Payload/neo-panopticon.app'
2019-11-25 02:54:44 +0000  >>> Copying /Users/shuntanakajima/ShuntaNakajima/hacku/neo-panopticon/application/platforms/ios/neo-panopticon.xcarchive/Products/Applications/neo-panopticon.app 
2019-11-25 02:54:44 +0000  copying file ./_CodeSignature/CodeResources ... 
2019-11-25 02:54:44 +0000  21709 bytes for ./_CodeSignature/CodeResources
2019-11-25 02:54:44 +0000  copying file ./LaunchImage-1100-Portrait-2436h@3x.png ... 
2019-11-25 02:54:44 +0000  28334 bytes for ./LaunchImage-1100-Portrait-2436h@3x.png
2019-11-25 02:54:44 +0000  copying file ./LaunchImage@2x.png ... 
2019-11-25 02:54:44 +0000  22555 bytes for ./LaunchImage@2x.png
2019-11-25 02:54:44 +0000  copying file ./AppIcon20x20@2x.png ... 
2019-11-25 02:54:44 +0000  1013 bytes for ./AppIcon20x20@2x.png
2019-11-25 02:54:44 +0000  copying file ./MainViewController.nib/objects-13.0+.nib ... 
2019-11-25 02:54:44 +0000  980 bytes for ./MainViewController.nib/objects-13.0+.nib
2019-11-25 02:54:44 +0000  copying file ./MainViewController.nib/runtime.nib ... 
2019-11-25 02:54:44 +0000  980 bytes for ./MainViewController.nib/runtime.nib
2019-11-25 02:54:44 +0000  copying file ./AppIcon57x57.png ... 
2019-11-25 02:54:44 +0000  1597 bytes for ./AppIcon57x57.png
2019-11-25 02:54:44 +0000  copying file ./AppIcon20x20@3x.png ... 
2019-11-25 02:54:44 +0000  1654 bytes for ./AppIcon20x20@3x.png
2019-11-25 02:54:44 +0000  copying file ./AppIcon29x29.png ... 
2019-11-25 02:54:44 +0000  736 bytes for ./AppIcon29x29.png
2019-11-25 02:54:44 +0000  copying file ./LaunchImage-568h@2x.png ... 
2019-11-25 02:54:44 +0000  23956 bytes for ./LaunchImage-568h@2x.png
2019-11-25 02:54:44 +0000  copying file ./AppIcon60x60@2x.png ... 
2019-11-25 02:54:44 +0000  3129 bytes for ./AppIcon60x60@2x.png
2019-11-25 02:54:44 +0000  copying file ./AppIcon72x72@2x~ipad.png ... 
2019-11-25 02:54:44 +0000  3838 bytes for ./AppIcon72x72@2x~ipad.png
2019-11-25 02:54:44 +0000  copying file ./AppIcon29x29@2x.png ... 
2019-11-25 02:54:44 +0000  1602 bytes for ./AppIcon29x29@2x.png
2019-11-25 02:54:44 +0000  copying file ./LaunchImage-1100-Landscape-2436h@3x.png ... 
2019-11-25 02:54:44 +0000  29629 bytes for ./LaunchImage-1100-Landscape-2436h@3x.png
2019-11-25 02:54:44 +0000  copying file ./LaunchImage-800-667h@2x.png ... 
2019-11-25 02:54:44 +0000  17363 bytes for ./LaunchImage-800-667h@2x.png
2019-11-25 02:54:44 +0000  copying file ./LaunchImage-Portrait@2x~ipad.png ... 
2019-11-25 02:54:44 +0000  65932 bytes for ./LaunchImage-Portrait@2x~ipad.png
2019-11-25 02:54:44 +0000  copying file ./AppIcon40x40@3x.png ... 
2019-11-25 02:54:44 +0000  3129 bytes for ./AppIcon40x40@3x.png
2019-11-25 02:54:44 +0000  copying file ./AppIcon57x57@2x.png ... 
2019-11-25 02:54:44 +0000  2965 bytes for ./AppIcon57x57@2x.png
2019-11-25 02:54:44 +0000  copying file ./AppIcon29x29~ipad.png ... 
2019-11-25 02:54:44 +0000  736 bytes for ./AppIcon29x29~ipad.png
2019-11-25 02:54:44 +0000  copying file ./AppIcon40x40@2x.png ... 
2019-11-25 02:54:44 +0000  2151 bytes for ./AppIcon40x40@2x.png
2019-11-25 02:54:44 +0000  copying file ./LaunchImage-Portrait~ipad.png ... 
2019-11-25 02:54:44 +0000  29665 bytes for ./LaunchImage-Portrait~ipad.png
2019-11-25 02:54:44 +0000  copying file ./AppIcon29x29@3x.png ... 
2019-11-25 02:54:44 +0000  2368 bytes for ./AppIcon29x29@3x.png
2019-11-25 02:54:44 +0000  copying file ./AppIcon60x60@3x.png ... 
2019-11-25 02:54:44 +0000  4929 bytes for ./AppIcon60x60@3x.png
2019-11-25 02:54:44 +0000  copying file ./config.xml ... 
2019-11-25 02:54:44 +0000  2341 bytes for ./config.xml
2019-11-25 02:54:44 +0000  copying file ./www/index.html ... 
2019-11-25 02:54:44 +0000  2431 bytes for ./www/index.html
2019-11-25 02:54:44 +0000  copying file ./www/cordova.js ... 
2019-11-25 02:54:44 +0000  69139 bytes for ./www/cordova.js
2019-11-25 02:54:44 +0000  copying file ./www/css/index.css ... 
2019-11-25 02:54:44 +0000  4054 bytes for ./www/css/index.css
2019-11-25 02:54:44 +0000  copying file ./www/plugins/cordova-plugin-splashscreen/www/splashscreen.js ... 
2019-11-25 02:54:44 +0000  1206 bytes for ./www/plugins/cordova-plugin-splashscreen/www/splashscreen.js
2019-11-25 02:54:44 +0000  copying file ./www/js/index.js ... 
2019-11-25 02:54:44 +0000  1664 bytes for ./www/js/index.js
2019-11-25 02:54:44 +0000  copying file ./www/img/logo.png ... 
2019-11-25 02:54:44 +0000  21814 bytes for ./www/img/logo.png
2019-11-25 02:54:44 +0000  copying file ./www/cordova-js-src/exec.js ... 
2019-11-25 02:54:44 +0000  8877 bytes for ./www/cordova-js-src/exec.js
2019-11-25 02:54:44 +0000  copying file ./www/cordova-js-src/plugin/ios/logger.js ... 
2019-11-25 02:54:44 +0000  10233 bytes for ./www/cordova-js-src/plugin/ios/logger.js
2019-11-25 02:54:44 +0000  copying file ./www/cordova-js-src/plugin/ios/console.js ... 
2019-11-25 02:54:44 +0000  6822 bytes for ./www/cordova-js-src/plugin/ios/console.js
2019-11-25 02:54:44 +0000  copying file ./www/cordova-js-src/platform.js ... 
2019-11-25 02:54:44 +0000  1168 bytes for ./www/cordova-js-src/platform.js
2019-11-25 02:54:44 +0000  copying file ./www/cordova_plugins.js ... 
2019-11-25 02:54:44 +0000  474 bytes for ./www/cordova_plugins.js
2019-11-25 02:54:44 +0000  copying file ./LaunchImage-Landscape~ipad.png ... 
2019-11-25 02:54:44 +0000  29757 bytes for ./LaunchImage-Landscape~ipad.png
2019-11-25 02:54:44 +0000  copying file ./LaunchImage-700-Portrait~ipad.png ... 
2019-11-25 02:54:44 +0000  29665 bytes for ./LaunchImage-700-Portrait~ipad.png
2019-11-25 02:54:44 +0000  copying file ./Assets.car ... 
2019-11-25 02:54:44 +0000  217736 bytes for ./Assets.car
2019-11-25 02:54:44 +0000  copying file ./AppIcon40x40@2x~ipad.png ... 
2019-11-25 02:54:44 +0000  2151 bytes for ./AppIcon40x40@2x~ipad.png
2019-11-25 02:54:44 +0000  copying file ./AppIcon76x76@2x~ipad.png ... 
2019-11-25 02:54:44 +0000  4045 bytes for ./AppIcon76x76@2x~ipad.png
2019-11-25 02:54:44 +0000  copying file ./LaunchImage-800-Portrait-736h@3x.png ... 
2019-11-25 02:54:44 +0000  19728 bytes for ./LaunchImage-800-Portrait-736h@3x.png
2019-11-25 02:54:44 +0000  copying file ./neo-panopticon ... 
2019-11-25 02:54:44 +0000  563136 bytes for ./neo-panopticon
2019-11-25 02:54:44 +0000  copying file ./AppIcon72x72~ipad.png ... 
2019-11-25 02:54:44 +0000  1901 bytes for ./AppIcon72x72~ipad.png
2019-11-25 02:54:44 +0000  copying file ./CDVLaunchScreen.storyboardc/01J-lp-oVM-view-Ze5-6b-2t3.nib/objects-13.0+.nib ... 
2019-11-25 02:54:44 +0000  2328 bytes for ./CDVLaunchScreen.storyboardc/01J-lp-oVM-view-Ze5-6b-2t3.nib/objects-13.0+.nib
2019-11-25 02:54:44 +0000  copying file ./CDVLaunchScreen.storyboardc/01J-lp-oVM-view-Ze5-6b-2t3.nib/runtime.nib ... 
2019-11-25 02:54:44 +0000  2327 bytes for ./CDVLaunchScreen.storyboardc/01J-lp-oVM-view-Ze5-6b-2t3.nib/runtime.nib
2019-11-25 02:54:44 +0000  copying file ./CDVLaunchScreen.storyboardc/UIViewController-01J-lp-oVM.nib/objects-13.0+.nib ... 
2019-11-25 02:54:44 +0000  896 bytes for ./CDVLaunchScreen.storyboardc/UIViewController-01J-lp-oVM.nib/objects-13.0+.nib
2019-11-25 02:54:44 +0000  copying file ./CDVLaunchScreen.storyboardc/UIViewController-01J-lp-oVM.nib/runtime.nib ... 
2019-11-25 02:54:44 +0000  896 bytes for ./CDVLaunchScreen.storyboardc/UIViewController-01J-lp-oVM.nib/runtime.nib
2019-11-25 02:54:44 +0000  copying file ./CDVLaunchScreen.storyboardc/Info.plist ... 
2019-11-25 02:54:44 +0000  258 bytes for ./CDVLaunchScreen.storyboardc/Info.plist
2019-11-25 02:54:44 +0000  copying file ./LaunchImage-700@2x.png ... 
2019-11-25 02:54:44 +0000  22555 bytes for ./LaunchImage-700@2x.png
2019-11-25 02:54:44 +0000  copying file ./AppIcon83.5x83.5@2x~ipad.png ... 
2019-11-25 02:54:44 +0000  4389 bytes for ./AppIcon83.5x83.5@2x~ipad.png
2019-11-25 02:54:44 +0000  copying file ./LaunchImage-700-568h@2x.png ... 
2019-11-25 02:54:44 +0000  23956 bytes for ./LaunchImage-700-568h@2x.png
copying file ./LaunchImage-Landscape@2x~ipad.png ... 
2019-11-25 02:54:44 +0000  66622 bytes for ./LaunchImage-Landscape@2x~ipad.png
copying file ./AppIcon50x50~ipad.png ... 
2019-11-25 02:54:44 +0000  1332 bytes for ./AppIcon50x50~ipad.png
copying file ./AppIcon29x29@2x~ipad.png ... 
2019-11-25 02:54:44 +0000  1602 bytes for ./AppIcon29x29@2x~ipad.png
copying file ./LaunchImage-700-Landscape@2x~ipad.png ... 
2019-11-25 02:54:44 +0000  66622 bytes for ./LaunchImage-700-Landscape@2x~ipad.png
2019-11-25 02:54:44 +0000  copying file ./AppIcon50x50@2x~ipad.png ... 
2019-11-25 02:54:44 +0000  2597 bytes for ./AppIcon50x50@2x~ipad.png
2019-11-25 02:54:44 +0000  copying file ./AppIcon40x40~ipad.png ... 
2019-11-25 02:54:44 +0000  1013 bytes for ./AppIcon40x40~ipad.png
2019-11-25 02:54:44 +0000  copying file ./AppIcon20x20~ipad.png ... 
2019-11-25 02:54:44 +0000  485 bytes for ./AppIcon20x20~ipad.png
2019-11-25 02:54:44 +0000  copying file ./LaunchImage.png ... 
2019-11-25 02:54:44 +0000  8571 bytes for ./LaunchImage.png
2019-11-25 02:54:44 +0000  copying file ./embedded.mobileprovision ... 
2019-11-25 02:54:44 +0000  9505 bytes for ./embedded.mobileprovision
2019-11-25 02:54:44 +0000  copying file ./LaunchImage-800-Landscape-736h@3x.png ... 
2019-11-25 02:54:44 +0000  19914 bytes for ./LaunchImage-800-Landscape-736h@3x.png
2019-11-25 02:54:44 +0000  copying file ./LaunchImage-700-Portrait@2x~ipad.png ... 
2019-11-25 02:54:44 +0000  65932 bytes for ./LaunchImage-700-Portrait@2x~ipad.png
2019-11-25 02:54:44 +0000  copying file ./LaunchImage-700-Landscape~ipad.png ... 
2019-11-25 02:54:44 +0000  29757 bytes for ./LaunchImage-700-Landscape~ipad.png
2019-11-25 02:54:44 +0000  copying file ./AppIcon20x20@2x~ipad.png ... 
2019-11-25 02:54:44 +0000  1013 bytes for ./AppIcon20x20@2x~ipad.png
2019-11-25 02:54:44 +0000  copying file ./Info.plist ... 
2019-11-25 02:54:44 +0000  2144 bytes for ./Info.plist
2019-11-25 02:54:44 +0000  copying file ./PkgInfo ... 
2019-11-25 02:54:44 +0000  8 bytes for ./PkgInfo
2019-11-25 02:54:44 +0000  copying file ./AppIcon76x76~ipad.png ... 
2019-11-25 02:54:44 +0000  2029 bytes for ./AppIcon76x76~ipad.png
2019-11-25 02:54:44 +0000 [MT] /usr/bin/ditto exited with 0
2019-11-25 02:54:44 +0000 [MT] Processing step: IDEDistributionEmbedProfileStep
2019-11-25 02:54:44 +0000 [MT] Processing step: IDEDistributionAppThinningPlistStep
2019-11-25 02:54:44 +0000 [MT] Skipping step: IDEDistributionAppThinningPlistStep because it said so
2019-11-25 02:54:44 +0000 [MT] Processing step: IDEDistributionCompileBitcodeStep
2019-11-25 02:54:44 +0000 [MT] Skipping step: IDEDistributionCompileBitcodeStep because it said so
2019-11-25 02:54:44 +0000 [MT] Processing step: IDEDistributionCodeSlimmingStep
2019-11-25 02:54:44 +0000 [MT] Processing step: IDEDistributionCopyBCSymbolMapsStep
2019-11-25 02:54:44 +0000 [MT] Skipping step: IDEDistributionCopyBCSymbolMapsStep because it said so
2019-11-25 02:54:44 +0000 [MT] Processing step: IDEDistributionSymbolsStep
2019-11-25 02:54:44 +0000 [MT] Skipping step: IDEDistributionSymbolsStep because it said so
2019-11-25 02:54:44 +0000 [MT] Processing step: IDEDistributionAppThinningStep
2019-11-25 02:54:44 +0000 [MT] Skipping step: IDEDistributionAppThinningStep because it said so
2019-11-25 02:54:44 +0000 [MT] Processing step: IDEDistributionArchThinningStep
2019-11-25 02:54:44 +0000 [MT] Running /Applications/Xcode.app/Contents/Developer/Toolchains/XcodeDefault.xctoolchain/usr/bin/lipo '/var/folders/l7/wnwrz3_x4nq10p21hg9zw_9c0000gn/T/XcodeDistPipeline.~~~T9sOAs/Root/Payload/neo-panopticon.app/neo-panopticon' '-verify_arch' 'arm64e'
2019-11-25 02:54:44 +0000 [MT] /Applications/Xcode.app/Contents/Developer/Toolchains/XcodeDefault.xctoolchain/usr/bin/lipo exited with 1
2019-11-25 02:54:44 +0000 [MT] Skipping architecture thinning for item "neo-panopticon" because arch "arm64e" wasn't found
2019-11-25 02:54:44 +0000 [MT] Processing step: IDEDistributionODRStep
2019-11-25 02:54:44 +0000 [MT] Processing step: IDEDistributionStripXattrsStep
2019-11-25 02:54:44 +0000 [MT] Running /usr/bin/xattr '-crs' '/var/folders/l7/wnwrz3_x4nq10p21hg9zw_9c0000gn/T/XcodeDistPipeline.~~~T9sOAs/Root/Payload/neo-panopticon.app'
2019-11-25 02:54:44 +0000 [MT] /usr/bin/xattr exited with 0
2019-11-25 02:54:44 +0000 [MT] Processing step: IDEDistributionCodesignStep
2019-11-25 02:54:44 +0000 [MT] Entitlements for <IDEDistributionItem: 0x7faeab4d63c0; bundleID='com.makinomakino', path='<DVTFilePath:0x7faeab3929b0:'/Users/shuntanakajima/ShuntaNakajima/hacku/neo-panopticon/application/platforms/ios/neo-panopticon.xcarchive/Products/Applications/neo-panopticon.app'>', codeSigningInfo='<_DVTCodeSigningInformation_Path: 0x7faeab4c7170; isSigned='1', isAdHocSigned='0', signingCertificate='<DVTSigningCertificate: 0x7faeab6021e0; name='Apple Development: tintasdfkjas@gmail.com (RD7BV2P29Y)', hash='8933466F3A47AEB5AF48609E96A896B011B1590C', serialNumber='4CA68B9B028E876F', certificateKinds='(
    "1.2.840.113635.100.6.1.12",
    "1.2.840.113635.100.6.1.2"
), issueDate='2019-11-24 05:55:11 +0000''>', entitlements='{
    "application-identifier" = "XNNJ64W9XB.com.makinomakino";
    "com.apple.developer.team-identifier" = XNNJ64W9XB;
    "get-task-allow" = 1;
}', teamID='XNNJ64W9XB', identifier='com.makinomakino', executablePath='<DVTFilePath:0x7faeab4be340:'/Users/shuntanakajima/ShuntaNakajima/hacku/neo-panopticon/application/platforms/ios/neo-panopticon.xcarchive/Products/Applications/neo-panopticon.app/neo-panopticon'>', hardenedRuntime='0'>'>: {
    "application-identifier" = "XNNJ64W9XB.com.makinomakino";
    "com.apple.developer.team-identifier" = XNNJ64W9XB;
    "get-task-allow" = 1;
}
2019-11-25 02:54:44 +0000 [MT] Writing entitlements for <IDEDistributionItem: 0x7faeab4d63c0; bundleID='com.makinomakino', path='<DVTFilePath:0x7faeab3929b0:'/Users/shuntanakajima/ShuntaNakajima/hacku/neo-panopticon/application/platforms/ios/neo-panopticon.xcarchive/Products/Applications/neo-panopticon.app'>', codeSigningInfo='<_DVTCodeSigningInformation_Path: 0x7faeab4c7170; isSigned='1', isAdHocSigned='0', signingCertificate='<DVTSigningCertificate: 0x7faeab4f49f0; name='Apple Development: tintasdfkjas@gmail.com (RD7BV2P29Y)', hash='8933466F3A47AEB5AF48609E96A896B011B1590C', serialNumber='4CA68B9B028E876F', certificateKinds='(
    "1.2.840.113635.100.6.1.12",
    "1.2.840.113635.100.6.1.2"
), issueDate='2019-11-24 05:55:11 +0000''>', entitlements='{
    "application-identifier" = "XNNJ64W9XB.com.makinomakino";
    "com.apple.developer.team-identifier" = XNNJ64W9XB;
    "get-task-allow" = 1;
}', teamID='XNNJ64W9XB', identifier='com.makinomakino', executablePath='<DVTFilePath:0x7faeab4be340:'/Users/shuntanakajima/ShuntaNakajima/hacku/neo-panopticon/application/platforms/ios/neo-panopticon.xcarchive/Products/Applications/neo-panopticon.app/neo-panopticon'>', hardenedRuntime='0'>'> to: /var/folders/l7/wnwrz3_x4nq10p21hg9zw_9c0000gn/T/XcodeDistPipeline.~~~T9sOAs/entitlements~~~V9UYCi
2019-11-25 02:54:44 +0000 [MT] Running /usr/bin/codesign '-vvv' '--force' '--sign' '8933466F3A47AEB5AF48609E96A896B011B1590C' '--entitlements' '/var/folders/l7/wnwrz3_x4nq10p21hg9zw_9c0000gn/T/XcodeDistPipeline.~~~T9sOAs/entitlements~~~V9UYCi' '--preserve-metadata=identifier,flags,runtime' '/var/folders/l7/wnwrz3_x4nq10p21hg9zw_9c0000gn/T/XcodeDistPipeline.~~~T9sOAs/Root/Payload/neo-panopticon.app'
2019-11-25 02:54:44 +0000  /var/folders/l7/wnwrz3_x4nq10p21hg9zw_9c0000gn/T/XcodeDistPipeline.~~~T9sOAs/Root/Payload/neo-panopticon.app: replacing existing signature
2019-11-25 02:54:44 +0000  /var/folders/l7/wnwrz3_x4nq10p21hg9zw_9c0000gn/T/XcodeDistPipeline.~~~T9sOAs/Root/Payload/neo-panopticon.app: signed app bundle with Mach-O universal (armv7 arm64) [com.makinomakino]
2019-11-25 02:54:44 +0000 [MT] /usr/bin/codesign exited with 0
2019-11-25 02:54:44 +0000 [MT] Processing step: IDEDistributionZipODRItemStep
2019-11-25 02:54:44 +0000 [MT] Skipping step: IDEDistributionZipODRItemStep because it said so
2019-11-25 02:54:44 +0000 [MT] Processing step: IDEDistributionCreateIPAStep
2019-11-25 02:54:44 +0000 [MT] Running /usr/bin/ditto '-V' '-c' '-k' '--norsrc' '/var/folders/l7/wnwrz3_x4nq10p21hg9zw_9c0000gn/T/XcodeDistPipeline.~~~T9sOAs/Root' '/var/folders/l7/wnwrz3_x4nq10p21hg9zw_9c0000gn/T/XcodeDistPipeline.~~~T9sOAs/Packages/neo-panopticon.ipa'
2019-11-25 02:54:44 +0000  >>> Copying /var/folders/l7/wnwrz3_x4nq10p21hg9zw_9c0000gn/T/XcodeDistPipeline.~~~T9sOAs/Root 
2019-11-25 02:54:44 +0000  copying file ./Payload/neo-panopticon.app/_CodeSignature/CodeResources ... 
2019-11-25 02:54:44 +0000  21709 bytes for ./Payload/neo-panopticon.app/_CodeSignature/CodeResources
2019-11-25 02:54:44 +0000  copying file ./Payload/neo-panopticon.app/LaunchImage-1100-Portrait-2436h@3x.png ... 
2019-11-25 02:54:44 +0000  28334 bytes for ./Payload/neo-panopticon.app/LaunchImage-1100-Portrait-2436h@3x.png
2019-11-25 02:54:44 +0000  copying file ./Payload/neo-panopticon.app/LaunchImage@2x.png ... 
2019-11-25 02:54:44 +0000  22555 bytes for ./Payload/neo-panopticon.app/LaunchImage@2x.png
2019-11-25 02:54:44 +0000  copying file ./Payload/neo-panopticon.app/AppIcon20x20@2x.png ... 
2019-11-25 02:54:44 +0000  1013 bytes for ./Payload/neo-panopticon.app/AppIcon20x20@2x.png
2019-11-25 02:54:44 +0000  copying file ./Payload/neo-panopticon.app/MainViewController.nib/objects-13.0+.nib ... 
2019-11-25 02:54:44 +0000  980 bytes for ./Payload/neo-panopticon.app/MainViewController.nib/objects-13.0+.nib
copying file ./Payload/neo-panopticon.app/MainViewController.nib/runtime.nib ... 
2019-11-25 02:54:44 +0000  980 bytes for ./Payload/neo-panopticon.app/MainViewController.nib/runtime.nib
2019-11-25 02:54:44 +0000  copying file ./Payload/neo-panopticon.app/AppIcon57x57.png ... 
2019-11-25 02:54:44 +0000  1597 bytes for ./Payload/neo-panopticon.app/AppIcon57x57.png
copying file ./Payload/neo-panopticon.app/AppIcon20x20@3x.png ... 
2019-11-25 02:54:44 +0000  1654 bytes for ./Payload/neo-panopticon.app/AppIcon20x20@3x.png
2019-11-25 02:54:44 +0000  copying file ./Payload/neo-panopticon.app/AppIcon29x29.png ... 
2019-11-25 02:54:44 +0000  736 bytes for ./Payload/neo-panopticon.app/AppIcon29x29.png
copying file ./Payload/neo-panopticon.app/LaunchImage-568h@2x.png ... 
2019-11-25 02:54:44 +0000  23956 bytes for ./Payload/neo-panopticon.app/LaunchImage-568h@2x.png
2019-11-25 02:54:44 +0000  copying file ./Payload/neo-panopticon.app/AppIcon60x60@2x.png ... 
2019-11-25 02:54:44 +0000  3129 bytes for ./Payload/neo-panopticon.app/AppIcon60x60@2x.png
2019-11-25 02:54:44 +0000  copying file ./Payload/neo-panopticon.app/AppIcon72x72@2x~ipad.png ... 
2019-11-25 02:54:44 +0000  3838 bytes for ./Payload/neo-panopticon.app/AppIcon72x72@2x~ipad.png
2019-11-25 02:54:44 +0000  copying file ./Payload/neo-panopticon.app/AppIcon29x29@2x.png ... 
2019-11-25 02:54:44 +0000  1602 bytes for ./Payload/neo-panopticon.app/AppIcon29x29@2x.png
copying file ./Payload/neo-panopticon.app/LaunchImage-1100-Landscape-2436h@3x.png ... 
2019-11-25 02:54:44 +0000  29629 bytes for ./Payload/neo-panopticon.app/LaunchImage-1100-Landscape-2436h@3x.png
2019-11-25 02:54:44 +0000  copying file ./Payload/neo-panopticon.app/LaunchImage-800-667h@2x.png ... 
2019-11-25 02:54:44 +0000  17363 bytes for ./Payload/neo-panopticon.app/LaunchImage-800-667h@2x.png
2019-11-25 02:54:44 +0000  copying file ./Payload/neo-panopticon.app/LaunchImage-Portrait@2x~ipad.png ... 
2019-11-25 02:54:44 +0000  65932 bytes for ./Payload/neo-panopticon.app/LaunchImage-Portrait@2x~ipad.png
2019-11-25 02:54:44 +0000  copying file ./Payload/neo-panopticon.app/AppIcon40x40@3x.png ... 
2019-11-25 02:54:44 +0000  3129 bytes for ./Payload/neo-panopticon.app/AppIcon40x40@3x.png
copying file ./Payload/neo-panopticon.app/AppIcon57x57@2x.png ... 
2019-11-25 02:54:44 +0000  2965 bytes for ./Payload/neo-panopticon.app/AppIcon57x57@2x.png
2019-11-25 02:54:44 +0000  copying file ./Payload/neo-panopticon.app/AppIcon29x29~ipad.png ... 
2019-11-25 02:54:44 +0000  736 bytes for ./Payload/neo-panopticon.app/AppIcon29x29~ipad.png
copying file ./Payload/neo-panopticon.app/AppIcon40x40@2x.png ... 
2019-11-25 02:54:44 +0000  2151 bytes for ./Payload/neo-panopticon.app/AppIcon40x40@2x.png
copying file ./Payload/neo-panopticon.app/LaunchImage-Portrait~ipad.png ... 
2019-11-25 02:54:44 +0000  29665 bytes for ./Payload/neo-panopticon.app/LaunchImage-Portrait~ipad.png
2019-11-25 02:54:44 +0000  copying file ./Payload/neo-panopticon.app/AppIcon29x29@3x.png ... 
2019-11-25 02:54:44 +0000  2368 bytes for ./Payload/neo-panopticon.app/AppIcon29x29@3x.png
copying file ./Payload/neo-panopticon.app/AppIcon60x60@3x.png ... 
2019-11-25 02:54:44 +0000  4929 bytes for ./Payload/neo-panopticon.app/AppIcon60x60@3x.png
copying file ./Payload/neo-panopticon.app/config.xml ... 
2019-11-25 02:54:44 +0000  2341 bytes for ./Payload/neo-panopticon.app/config.xml
2019-11-25 02:54:44 +0000  copying file ./Payload/neo-panopticon.app/www/index.html ... 
2019-11-25 02:54:44 +0000  2431 bytes for ./Payload/neo-panopticon.app/www/index.html
copying file ./Payload/neo-panopticon.app/www/cordova.js ... 
2019-11-25 02:54:44 +0000  69139 bytes for ./Payload/neo-panopticon.app/www/cordova.js
2019-11-25 02:54:44 +0000  copying file ./Payload/neo-panopticon.app/www/css/index.css ... 
2019-11-25 02:54:44 +0000  4054 bytes for ./Payload/neo-panopticon.app/www/css/index.css
2019-11-25 02:54:44 +0000  copying file ./Payload/neo-panopticon.app/www/plugins/cordova-plugin-splashscreen/www/splashscreen.js ... 
2019-11-25 02:54:44 +0000  1206 bytes for ./Payload/neo-panopticon.app/www/plugins/cordova-plugin-splashscreen/www/splashscreen.js
2019-11-25 02:54:44 +0000  copying file ./Payload/neo-panopticon.app/www/js/index.js ... 
2019-11-25 02:54:44 +0000  1664 bytes for ./Payload/neo-panopticon.app/www/js/index.js
2019-11-25 02:54:44 +0000  copying file ./Payload/neo-panopticon.app/www/img/logo.png ... 
2019-11-25 02:54:44 +0000  21814 bytes for ./Payload/neo-panopticon.app/www/img/logo.png
2019-11-25 02:54:44 +0000  copying file ./Payload/neo-panopticon.app/www/cordova-js-src/exec.js ... 
2019-11-25 02:54:44 +0000  8877 bytes for ./Payload/neo-panopticon.app/www/cordova-js-src/exec.js
2019-11-25 02:54:44 +0000  copying file ./Payload/neo-panopticon.app/www/cordova-js-src/plugin/ios/logger.js ... 
2019-11-25 02:54:44 +0000  10233 bytes for ./Payload/neo-panopticon.app/www/cordova-js-src/plugin/ios/logger.js
copying file ./Payload/neo-panopticon.app/www/cordova-js-src/plugin/ios/console.js ... 
2019-11-25 02:54:44 +0000  6822 bytes for ./Payload/neo-panopticon.app/www/cordova-js-src/plugin/ios/console.js
2019-11-25 02:54:44 +0000  copying file ./Payload/neo-panopticon.app/www/cordova-js-src/platform.js ... 
2019-11-25 02:54:44 +0000  1168 bytes for ./Payload/neo-panopticon.app/www/cordova-js-src/platform.js
copying file ./Payload/neo-panopticon.app/www/cordova_plugins.js ... 
2019-11-25 02:54:44 +0000  474 bytes for ./Payload/neo-panopticon.app/www/cordova_plugins.js
copying file ./Payload/neo-panopticon.app/LaunchImage-Landscape~ipad.png ... 
2019-11-25 02:54:44 +0000  29757 bytes for ./Payload/neo-panopticon.app/LaunchImage-Landscape~ipad.png
copying file ./Payload/neo-panopticon.app/LaunchImage-700-Portrait~ipad.png ... 
2019-11-25 02:54:44 +0000  29665 bytes for ./Payload/neo-panopticon.app/LaunchImage-700-Portrait~ipad.png
copying file ./Payload/neo-panopticon.app/Assets.car ... 
2019-11-25 02:54:44 +0000  217736 bytes for ./Payload/neo-panopticon.app/Assets.car
copying file ./Payload/neo-panopticon.app/AppIcon40x40@2x~ipad.png ... 
2019-11-25 02:54:44 +0000  2151 bytes for ./Payload/neo-panopticon.app/AppIcon40x40@2x~ipad.png
2019-11-25 02:54:44 +0000  copying file ./Payload/neo-panopticon.app/AppIcon76x76@2x~ipad.png ... 
2019-11-25 02:54:44 +0000  4045 bytes for ./Payload/neo-panopticon.app/AppIcon76x76@2x~ipad.png
2019-11-25 02:54:44 +0000  copying file ./Payload/neo-panopticon.app/LaunchImage-800-Portrait-736h@3x.png ... 
2019-11-25 02:54:44 +0000  19728 bytes for ./Payload/neo-panopticon.app/LaunchImage-800-Portrait-736h@3x.png
copying file ./Payload/neo-panopticon.app/neo-panopticon ... 
2019-11-25 02:54:44 +0000  563136 bytes for ./Payload/neo-panopticon.app/neo-panopticon
copying file ./Payload/neo-panopticon.app/AppIcon72x72~ipad.png ... 
2019-11-25 02:54:44 +0000  1901 bytes for ./Payload/neo-panopticon.app/AppIcon72x72~ipad.png
2019-11-25 02:54:44 +0000  copying file ./Payload/neo-panopticon.app/CDVLaunchScreen.storyboardc/01J-lp-oVM-view-Ze5-6b-2t3.nib/objects-13.0+.nib ... 
2019-11-25 02:54:44 +0000  2328 bytes for ./Payload/neo-panopticon.app/CDVLaunchScreen.storyboardc/01J-lp-oVM-view-Ze5-6b-2t3.nib/objects-13.0+.nib
copying file ./Payload/neo-panopticon.app/CDVLaunchScreen.storyboardc/01J-lp-oVM-view-Ze5-6b-2t3.nib/runtime.nib ... 
2019-11-25 02:54:44 +0000  2327 bytes for ./Payload/neo-panopticon.app/CDVLaunchScreen.storyboardc/01J-lp-oVM-view-Ze5-6b-2t3.nib/runtime.nib
2019-11-25 02:54:44 +0000  copying file ./Payload/neo-panopticon.app/CDVLaunchScreen.storyboardc/UIViewController-01J-lp-oVM.nib/objects-13.0+.nib ... 
896 bytes for ./Payload/neo-panopticon.app/CDVLaunchScreen.storyboardc/UIViewController-01J-lp-oVM.nib/objects-13.0+.nib
copying file ./Payload/neo-panopticon.app/CDVLaunchScreen.storyboardc/UIViewController-01J-lp-oVM.nib/runtime.nib ... 
2019-11-25 02:54:44 +0000  896 bytes for ./Payload/neo-panopticon.app/CDVLaunchScreen.storyboardc/UIViewController-01J-lp-oVM.nib/runtime.nib
copying file ./Payload/neo-panopticon.app/CDVLaunchScreen.storyboardc/Info.plist ... 
2019-11-25 02:54:44 +0000  258 bytes for ./Payload/neo-panopticon.app/CDVLaunchScreen.storyboardc/Info.plist
copying file ./Payload/neo-panopticon.app/LaunchImage-700@2x.png ... 
2019-11-25 02:54:44 +0000  22555 bytes for ./Payload/neo-panopticon.app/LaunchImage-700@2x.png
copying file ./Payload/neo-panopticon.app/AppIcon83.5x83.5@2x~ipad.png ... 
2019-11-25 02:54:44 +0000  4389 bytes for ./Payload/neo-panopticon.app/AppIcon83.5x83.5@2x~ipad.png
copying file ./Payload/neo-panopticon.app/LaunchImage-700-568h@2x.png ... 
2019-11-25 02:54:44 +0000  23956 bytes for ./Payload/neo-panopticon.app/LaunchImage-700-568h@2x.png
copying file ./Payload/neo-panopticon.app/LaunchImage-Landscape@2x~ipad.png ... 
2019-11-25 02:54:44 +0000  66622 bytes for ./Payload/neo-panopticon.app/LaunchImage-Landscape@2x~ipad.png
copying file ./Payload/neo-panopticon.app/AppIcon50x50~ipad.png ... 
2019-11-25 02:54:44 +0000  1332 bytes for ./Payload/neo-panopticon.app/AppIcon50x50~ipad.png
copying file ./Payload/neo-panopticon.app/AppIcon29x29@2x~ipad.png ... 
2019-11-25 02:54:44 +0000  1602 bytes for ./Payload/neo-panopticon.app/AppIcon29x29@2x~ipad.png
2019-11-25 02:54:44 +0000  copying file ./Payload/neo-panopticon.app/LaunchImage-700-Landscape@2x~ipad.png ... 
2019-11-25 02:54:44 +0000  66622 bytes for ./Payload/neo-panopticon.app/LaunchImage-700-Landscape@2x~ipad.png
copying file ./Payload/neo-panopticon.app/AppIcon50x50@2x~ipad.png ... 
2019-11-25 02:54:44 +0000  2597 bytes for ./Payload/neo-panopticon.app/AppIcon50x50@2x~ipad.png
copying file ./Payload/neo-panopticon.app/AppIcon40x40~ipad.png ... 
2019-11-25 02:54:44 +0000  1013 bytes for ./Payload/neo-panopticon.app/AppIcon40x40~ipad.png
copying file ./Payload/neo-panopticon.app/AppIcon20x20~ipad.png ... 
2019-11-25 02:54:44 +0000  485 bytes for ./Payload/neo-panopticon.app/AppIcon20x20~ipad.png
copying file ./Payload/neo-panopticon.app/LaunchImage.png ... 
2019-11-25 02:54:44 +0000  8571 bytes for ./Payload/neo-panopticon.app/LaunchImage.png
copying file ./Payload/neo-panopticon.app/embedded.mobileprovision ... 
2019-11-25 02:54:44 +0000  9505 bytes for ./Payload/neo-panopticon.app/embedded.mobileprovision
copying file ./Payload/neo-panopticon.app/LaunchImage-800-Landscape-736h@3x.png ... 
2019-11-25 02:54:44 +0000  19914 bytes for ./Payload/neo-panopticon.app/LaunchImage-800-Landscape-736h@3x.png
copying file ./Payload/neo-panopticon.app/LaunchImage-700-Portrait@2x~ipad.png ... 
2019-11-25 02:54:44 +0000  65932 bytes for ./Payload/neo-panopticon.app/LaunchImage-700-Portrait@2x~ipad.png
copying file ./Payload/neo-panopticon.app/LaunchImage-700-Landscape~ipad.png ... 
2019-11-25 02:54:45 +0000  29757 bytes for ./Payload/neo-panopticon.app/LaunchImage-700-Landscape~ipad.png
copying file ./Payload/neo-panopticon.app/AppIcon20x20@2x~ipad.png ... 
2019-11-25 02:54:45 +0000  1013 bytes for ./Payload/neo-panopticon.app/AppIcon20x20@2x~ipad.png
2019-11-25 02:54:45 +0000  copying file ./Payload/neo-panopticon.app/Info.plist ... 
2019-11-25 02:54:45 +0000  2144 bytes for ./Payload/neo-panopticon.app/Info.plist
copying file ./Payload/neo-panopticon.app/PkgInfo ... 
2019-11-25 02:54:45 +0000  8 bytes for ./Payload/neo-panopticon.app/PkgInfo
copying file ./Payload/neo-panopticon.app/AppIcon76x76~ipad.png ... 
2019-11-25 02:54:45 +0000  2029 bytes for ./Payload/neo-panopticon.app/AppIcon76x76~ipad.png
2019-11-25 02:54:45 +0000 [MT] /usr/bin/ditto exited with 0
2019-11-25 02:54:45 +0000 [MT] Processing step: IDEDistributionAppStoreInformationStep
2019-11-25 02:54:45 +0000 [MT] Skipping step: IDEDistributionAppStoreInformationStep because it said so
2019-11-25 02:54:45 +0000 [MT] Processing step: IDEDistributionGenerateProcessedDistributionItems
2019-11-25 02:54:45 +0000 [MT] Processing step: IDEDistributionCreateManifestStep
